Using pre-set license
Built from '2020.3/staging' branch; Version is '2020.3.13f1 (71691879b7f5) revision 7432472'; Using compiler version '192528614'; Build Type 'Release'
OS: 'Windows 10 Home; OS build 19044.1645; Version 2009; 64bit' Language: 'ru' Physical Memory: 16185 MB
BatchMode: 1, IsHumanControllingUs: 0, StartBugReporterOnCrash: 0, Is64bit: 1, IsPro: 0

 COMMAND LINE ARGUMENTS:
C:\Program Files\Unity\Hub\Editor\2020.3.13f1\Editor\Unity.exe
-adb2
-batchMode
-noUpm
-name
AssetImportWorker0
-projectPath
C:/Users/vital/HW4
-logFile
Logs/AssetImportWorker0.log
-srvPort
55553
Successfully changed project path to: C:/Users/vital/HW4
C:/Users/vital/HW4
Using Asset Import Pipeline V2.
Refreshing native plugins compatible for Editor in 23.11 ms, found 2 plugins.
Preloading 0 native plugins for Editor in 0.00 ms.
Initialize engine version: 2020.3.13f1 (71691879b7f5)
[Subsystems] Discovering subsystems at path C:/Program Files/Unity/Hub/Editor/2020.3.13f1/Editor/Data/Resources/UnitySubsystems
[Subsystems] Discovering subsystems at path C:/Users/vital/HW4/Assets
GfxDevice: creating device client; threaded=0
Direct3D:
    Version:  Direct3D 11.0 [level 11.1]
    Renderer: NVIDIA GeForce GTX 1660 Ti with Max-Q Design (ID=0x2191)
    Vendor:   
    VRAM:     5991 MB
    Driver:   30.0.15.1179
Initialize mono
Mono path[0] = 'C:/Program Files/Unity/Hub/Editor/2020.3.13f1/Editor/Data/Managed'
Mono path[1] = 'C:/Program Files/Unity/Hub/Editor/2020.3.13f1/Editor/Data/MonoBleedingEdge/lib/mono/unityjit'
Mono config path = 'C:/Program Files/Unity/Hub/Editor/2020.3.13f1/Editor/Data/MonoBleedingEdge/etc'
Using monoOptions --debugger-agent=transport=dt_socket,embedding=1,server=y,suspend=n,address=127.0.0.1:56048
Begin MonoManager ReloadAssembly
Registering precompiled unity dll's ...
Register platform support module: C:/Program Files/Unity/Hub/Editor/2020.3.13f1/Editor/Data/PlaybackEngines/WebGLSupport/UnityEditor.WebGL.Extensions.dll
Register platform support module: C:/Program Files/Unity/Hub/Editor/2020.3.13f1/Editor/Data/PlaybackEngines/WindowsStandaloneSupport/UnityEditor.WindowsStandalone.Extensions.dll
Registered in 0.002195 seconds.
Native extension for WindowsStandalone target not found
Native extension for WebGL target not found
Refreshing native plugins compatible for Editor in 23.85 ms, found 2 plugins.
Preloading 0 native plugins for Editor in 0.00 ms.
Mono: successfully reloaded assembly
- Completed reload, in  1.518 seconds
Platform modules already initialized, skipping
Registering precompiled user dll's ...
Registered in 0.002975 seconds.
Begin MonoManager ReloadAssembly
Native extension for WindowsStandalone target not found
Native extension for WebGL target not found
Refreshing native plugins compatible for Editor in 0.25 ms, found 2 plugins.
Preloading 0 native plugins for Editor in 0.00 ms.
Mono: successfully reloaded assembly
- Completed reload, in  0.822 seconds
Platform modules already initialized, skipping
========================================================================
Worker process is ready to serve import requests
Launched and connected shader compiler UnityShaderCompiler.exe after 0.03 seconds
Refreshing native plugins compatible for Editor in 0.25 ms, found 2 plugins.
Preloading 0 native plugins for Editor in 0.00 ms.
Unloading 1390 Unused Serialized files (Serialized files now loaded: 0)
System memory in use before: 64.7 MB.
System memory in use after: 64.8 MB.

Unloading 19 unused Assets to reduce memory usage. Loaded Objects now: 1823.
Total: 1.655300 ms (FindLiveObjects: 0.150600 ms CreateObjectMapping: 0.052500 ms MarkObjects: 1.387300 ms  DeleteObjects: 0.064000 ms)

AssetImportParameters requested are different than current active one (requested -> active):
  custom:framework-win-MediaFoundation: 216162199b28c13a410421893ffa2e32 -> 
  custom:video-decoder-ogg-theora: a1e56fd34408186e4bbccfd4996cb3dc -> 
  custom:container-muxer-webm: aa71ff27fc2769a1b78a27578f13a17b -> 
  custom:container-demuxer-webm: 4f35f7cbe854078d1ac9338744f61a02 -> 
  custom:container-demuxer-ogg: 62fdf1f143b41e24485cea50d1cbac27 -> 
  custom:video-encoder-webm-vp8: eb34c28f22e8b96e1ab97ce403110664 -> 
  custom:video-decoder-webm-vp8: 9c59270c3fd7afecdb556c50c9e8de78 -> 
  custom:audio-decoder-ogg-vorbis: bf7c407c2cedff20999df2af8eb42d56 -> 
  custom:audio-encoder-webm-vorbis: bf7c407c2cedff20999df2af8eb42d56 -> 
========================================================================
Received Import Request.
  path: Assets/Warrior free set/Sprite Sheet/Run.anim
  artifactKey: Guid(444a9f9742cfa70438f09b5d9086198e) Importer(815301076,1909f56bfc062723c751e8b465ee728b)
Start importing Assets/Warrior free set/Sprite Sheet/Run.anim using Guid(444a9f9742cfa70438f09b5d9086198e) Importer(815301076,1909f56bfc062723c751e8b465ee728b)  -> (artifact id: '5c7106a1b84126072179d7e45db42d4f') in 0.021350 seconds 
  Import took 0.023355 seconds .

========================================================================
Received Import Request.
  Time since last request: 160.859462 seconds.
  path: Assets/Warrior free set/Sprite Sheet/Run.anim
  artifactKey: Guid(444a9f9742cfa70438f09b5d9086198e) Importer(815301076,1909f56bfc062723c751e8b465ee728b)
Start importing Assets/Warrior free set/Sprite Sheet/Run.anim using Guid(444a9f9742cfa70438f09b5d9086198e) Importer(815301076,1909f56bfc062723c751e8b465ee728b)  -> (artifact id: 'f3ba77cab255117baa7cf9564cc612dd') in 0.003737 seconds 
  Import took 0.006342 seconds .

========================================================================
Received Import Request.
  Time since last request: 0.009799 seconds.
  path: Assets/Warrior free set/Sprite Sheet/Run.anim
  artifactKey: Guid(444a9f9742cfa70438f09b5d9086198e) Importer(815301076,1909f56bfc062723c751e8b465ee728b)
Start importing Assets/Warrior free set/Sprite Sheet/Run.anim using Guid(444a9f9742cfa70438f09b5d9086198e) Importer(815301076,1909f56bfc062723c751e8b465ee728b)  -> (artifact id: 'f3ba77cab255117baa7cf9564cc612dd') in 0.003258 seconds 
  Import took 0.005592 seconds .

========================================================================
Received Prepare
Registering precompiled user dll's ...
Registered in 0.002589 seconds.
Begin MonoManager ReloadAssembly
Native extension for WindowsStandalone target not found
Native extension for WebGL target not found
Refreshing native plugins compatible for Editor in 0.28 ms, found 2 plugins.
Preloading 0 native plugins for Editor in 0.00 ms.
Mono: successfully reloaded assembly
- Completed reload, in  0.773 seconds
Platform modules already initialized, skipping
Refreshing native plugins compatible for Editor in 0.26 ms, found 2 plugins.
Preloading 0 native plugins for Editor in 0.00 ms.
Unloading 1385 Unused Serialized files (Serialized files now loaded: 0)
System memory in use before: 64.7 MB.
System memory in use after: 64.8 MB.

Unloading 14 unused Assets to reduce memory usage. Loaded Objects now: 1826.
Total: 1.710800 ms (FindLiveObjects: 0.163900 ms CreateObjectMapping: 0.039200 ms MarkObjects: 1.463900 ms  DeleteObjects: 0.043100 ms)

AssetImportParameters requested are different than current active one (requested -> active):
  custom:framework-win-MediaFoundation: 216162199b28c13a410421893ffa2e32 -> 
  custom:video-decoder-ogg-theora: a1e56fd34408186e4bbccfd4996cb3dc -> 
  custom:container-muxer-webm: aa71ff27fc2769a1b78a27578f13a17b -> 
  custom:container-demuxer-webm: 4f35f7cbe854078d1ac9338744f61a02 -> 
  custom:container-demuxer-ogg: 62fdf1f143b41e24485cea50d1cbac27 -> 
  custom:video-encoder-webm-vp8: eb34c28f22e8b96e1ab97ce403110664 -> 
  custom:video-decoder-webm-vp8: 9c59270c3fd7afecdb556c50c9e8de78 -> 
  custom:audio-decoder-ogg-vorbis: bf7c407c2cedff20999df2af8eb42d56 -> 
  custom:audio-encoder-webm-vorbis: bf7c407c2cedff20999df2af8eb42d56 -> 
========================================================================
Received Import Request.
  Time since last request: 464.560751 seconds.
  path: Assets/Warrior free set/Sprite Sheet/Peace.anim
  artifactKey: Guid(c18ec8b6f8c26174db0310f0a6f69fc9) Importer(815301076,1909f56bfc062723c751e8b465ee728b)
Start importing Assets/Warrior free set/Sprite Sheet/Peace.anim using Guid(c18ec8b6f8c26174db0310f0a6f69fc9) Importer(815301076,1909f56bfc062723c751e8b465ee728b)  -> (artifact id: 'c4319986c083f5a4c6d7d7e976e00566') in 0.015165 seconds 
  Import took 0.019272 seconds .

========================================================================
Received Import Request.
  Time since last request: 0.006925 seconds.
  path: Assets/Warrior free set/Sprite Sheet/Peace.anim
  artifactKey: Guid(c18ec8b6f8c26174db0310f0a6f69fc9) Importer(815301076,1909f56bfc062723c751e8b465ee728b)
Start importing Assets/Warrior free set/Sprite Sheet/Peace.anim using Guid(c18ec8b6f8c26174db0310f0a6f69fc9) Importer(815301076,1909f56bfc062723c751e8b465ee728b)  -> (artifact id: 'c4319986c083f5a4c6d7d7e976e00566') in 0.003501 seconds 
  Import took 0.006009 seconds .

========================================================================
Received Prepare
Registering precompiled user dll's ...
Registered in 0.002823 seconds.
Begin MonoManager ReloadAssembly
Native extension for WindowsStandalone target not found
Native extension for WebGL target not found
Refreshing native plugins compatible for Editor in 0.28 ms, found 2 plugins.
Preloading 0 native plugins for Editor in 0.00 ms.
Mono: successfully reloaded assembly
- Completed reload, in  0.793 seconds
Platform modules already initialized, skipping
Refreshing native plugins compatible for Editor in 0.30 ms, found 2 plugins.
Preloading 0 native plugins for Editor in 0.00 ms.
Unloading 1385 Unused Serialized files (Serialized files now loaded: 0)
System memory in use before: 64.7 MB.
System memory in use after: 64.8 MB.

Unloading 14 unused Assets to reduce memory usage. Loaded Objects now: 1829.
Total: 1.566200 ms (FindLiveObjects: 0.142300 ms CreateObjectMapping: 0.040200 ms MarkObjects: 1.336000 ms  DeleteObjects: 0.046800 ms)

AssetImportParameters requested are different than current active one (requested -> active):
  custom:framework-win-MediaFoundation: 216162199b28c13a410421893ffa2e32 -> 
  custom:video-decoder-ogg-theora: a1e56fd34408186e4bbccfd4996cb3dc -> 
  custom:container-muxer-webm: aa71ff27fc2769a1b78a27578f13a17b -> 
  custom:container-demuxer-webm: 4f35f7cbe854078d1ac9338744f61a02 -> 
  custom:container-demuxer-ogg: 62fdf1f143b41e24485cea50d1cbac27 -> 
  custom:video-encoder-webm-vp8: eb34c28f22e8b96e1ab97ce403110664 -> 
  custom:video-decoder-webm-vp8: 9c59270c3fd7afecdb556c50c9e8de78 -> 
  custom:audio-decoder-ogg-vorbis: bf7c407c2cedff20999df2af8eb42d56 -> 
  custom:audio-encoder-webm-vorbis: bf7c407c2cedff20999df2af8eb42d56 -> 
========================================================================
Received Import Request.
  Time since last request: 727.915569 seconds.
  path: Assets/Warrior free set/Aniamtion/Run.anim
  artifactKey: Guid(aa852921ab2da0f4aaee7788209e4ca4) Importer(815301076,1909f56bfc062723c751e8b465ee728b)
Start importing Assets/Warrior free set/Aniamtion/Run.anim using Guid(aa852921ab2da0f4aaee7788209e4ca4) Importer(815301076,1909f56bfc062723c751e8b465ee728b)  -> (artifact id: 'df1d126a6e98a79257f1aed5f95ee0a8') in 0.013004 seconds 
  Import took 0.016276 seconds .

========================================================================
Received Import Request.
  Time since last request: 0.007384 seconds.
  path: Assets/Warrior free set/Aniamtion/Run.anim
  artifactKey: Guid(aa852921ab2da0f4aaee7788209e4ca4) Importer(815301076,1909f56bfc062723c751e8b465ee728b)
Start importing Assets/Warrior free set/Aniamtion/Run.anim using Guid(aa852921ab2da0f4aaee7788209e4ca4) Importer(815301076,1909f56bfc062723c751e8b465ee728b)  -> (artifact id: 'df1d126a6e98a79257f1aed5f95ee0a8') in 0.003430 seconds 
  Import took 0.005538 seconds .

========================================================================
Received Import Request.
  Time since last request: 6.676012 seconds.
  path: Assets/Warrior free set
  artifactKey: Guid(07c11c8eb6a82224688d97fc50f6f9bf) Importer(815301076,1909f56bfc062723c751e8b465ee728b)
Start importing Assets/Warrior free set using Guid(07c11c8eb6a82224688d97fc50f6f9bf) Importer(815301076,1909f56bfc062723c751e8b465ee728b)  -> (artifact id: 'd7820d45f8a4355106da0a4b20df1009') in 0.006710 seconds 
  Import took 0.008557 seconds .

========================================================================
Received Import Request.
  Time since last request: 2.038604 seconds.
  path: Assets/Scenes
  artifactKey: Guid(47446d2e038d86e4d9a4e34c2b2f8f75) Importer(815301076,1909f56bfc062723c751e8b465ee728b)
Start importing Assets/Scenes using Guid(47446d2e038d86e4d9a4e34c2b2f8f75) Importer(815301076,1909f56bfc062723c751e8b465ee728b)  -> (artifact id: '236bf4660e0e26a12060b2763c7742fa') in 0.006833 seconds 
  Import took 0.008858 seconds .

========================================================================
Received Import Request.
  Time since last request: 2.963584 seconds.
  path: Assets/Warrior free set/Sprite Sheet
  artifactKey: Guid(8ec5f93311c2dfe44b0c9b3a026749c1) Importer(815301076,1909f56bfc062723c751e8b465ee728b)
Start importing Assets/Warrior free set/Sprite Sheet using Guid(8ec5f93311c2dfe44b0c9b3a026749c1) Importer(815301076,1909f56bfc062723c751e8b465ee728b)  -> (artifact id: '4e3632063cc58134728f51de61b13fb4') in 0.006387 seconds 
  Import took 0.008322 seconds .

========================================================================
Received Import Request.
  Time since last request: 3.590777 seconds.
  path: Assets/Warrior free set/Sprite Sheet/Run.anim
  artifactKey: Guid(444a9f9742cfa70438f09b5d9086198e) Importer(815301076,1909f56bfc062723c751e8b465ee728b)
Start importing Assets/Warrior free set/Sprite Sheet/Run.anim using Guid(444a9f9742cfa70438f09b5d9086198e) Importer(815301076,1909f56bfc062723c751e8b465ee728b)  -> (artifact id: '6e4e63aa9fd5009ae76b2ecbcfa71122') in 0.002817 seconds 
  Import took 0.005339 seconds .

========================================================================
Received Import Request.
  Time since last request: 0.006803 seconds.
  path: Assets/Warrior free set/Sprite Sheet/Run.anim
  artifactKey: Guid(444a9f9742cfa70438f09b5d9086198e) Importer(815301076,1909f56bfc062723c751e8b465ee728b)
Start importing Assets/Warrior free set/Sprite Sheet/Run.anim using Guid(444a9f9742cfa70438f09b5d9086198e) Importer(815301076,1909f56bfc062723c751e8b465ee728b)  -> (artifact id: '6e4e63aa9fd5009ae76b2ecbcfa71122') in 0.002508 seconds 
  Import took 0.005015 seconds .

========================================================================
Received Prepare
Registering precompiled user dll's ...
Registered in 0.003014 seconds.
Begin MonoManager ReloadAssembly
Native extension for WindowsStandalone target not found
Native extension for WebGL target not found
Refreshing native plugins compatible for Editor in 0.25 ms, found 2 plugins.
Preloading 0 native plugins for Editor in 0.00 ms.
Mono: successfully reloaded assembly
- Completed reload, in  0.775 seconds
Platform modules already initialized, skipping
Refreshing native plugins compatible for Editor in 0.26 ms, found 2 plugins.
Preloading 0 native plugins for Editor in 0.00 ms.
Unloading 1385 Unused Serialized files (Serialized files now loaded: 0)
System memory in use before: 64.8 MB.
System memory in use after: 64.8 MB.

Unloading 14 unused Assets to reduce memory usage. Loaded Objects now: 1832.
Total: 1.616800 ms (FindLiveObjects: 0.147700 ms CreateObjectMapping: 0.056800 ms MarkObjects: 1.368600 ms  DeleteObjects: 0.043000 ms)

AssetImportParameters requested are different than current active one (requested -> active):
  custom:framework-win-MediaFoundation: 216162199b28c13a410421893ffa2e32 -> 
  custom:video-decoder-ogg-theora: a1e56fd34408186e4bbccfd4996cb3dc -> 
  custom:container-muxer-webm: aa71ff27fc2769a1b78a27578f13a17b -> 
  custom:container-demuxer-webm: 4f35f7cbe854078d1ac9338744f61a02 -> 
  custom:container-demuxer-ogg: 62fdf1f143b41e24485cea50d1cbac27 -> 
  custom:video-encoder-webm-vp8: eb34c28f22e8b96e1ab97ce403110664 -> 
  custom:video-decoder-webm-vp8: 9c59270c3fd7afecdb556c50c9e8de78 -> 
  custom:audio-decoder-ogg-vorbis: bf7c407c2cedff20999df2af8eb42d56 -> 
  custom:audio-encoder-webm-vorbis: bf7c407c2cedff20999df2af8eb42d56 -> 
========================================================================
Received Import Request.
  Time since last request: 20.589764 seconds.
  path: Assets/Warrior free set/Sprite Sheet/Player.controller
  artifactKey: Guid(08e569c02aca68142a4908a120cbe1b2) Importer(815301076,1909f56bfc062723c751e8b465ee728b)
Start importing Assets/Warrior free set/Sprite Sheet/Player.controller using Guid(08e569c02aca68142a4908a120cbe1b2) Importer(815301076,1909f56bfc062723c751e8b465ee728b)  -> (artifact id: 'd7b0d14740a05a339aac7caddf824ac7') in 0.012496 seconds 
  Import took 0.014221 seconds .

========================================================================
Received Import Request.
  Time since last request: 44.203284 seconds.
  path: Assets/Warrior free set/Sprite Sheet/Peace.anim
  artifactKey: Guid(c18ec8b6f8c26174db0310f0a6f69fc9) Importer(815301076,1909f56bfc062723c751e8b465ee728b)
Start importing Assets/Warrior free set/Sprite Sheet/Peace.anim using Guid(c18ec8b6f8c26174db0310f0a6f69fc9) Importer(815301076,1909f56bfc062723c751e8b465ee728b)  -> (artifact id: '9f887665359e18b56814e7861bc64963') in 0.003100 seconds 
  Import took 0.005413 seconds .

========================================================================
Received Import Request.
  Time since last request: 0.006337 seconds.
  path: Assets/Warrior free set/Sprite Sheet/Peace.anim
  artifactKey: Guid(c18ec8b6f8c26174db0310f0a6f69fc9) Importer(815301076,1909f56bfc062723c751e8b465ee728b)
Start importing Assets/Warrior free set/Sprite Sheet/Peace.anim using Guid(c18ec8b6f8c26174db0310f0a6f69fc9) Importer(815301076,1909f56bfc062723c751e8b465ee728b)  -> (artifact id: '9f887665359e18b56814e7861bc64963') in 0.002140 seconds 
  Import took 0.004342 seconds .

========================================================================
Received Import Request.
  Time since last request: 147.010905 seconds.
  path: Assets/Warrior free set/Sprite Sheet/Fight.anim
  artifactKey: Guid(5addf1af001dc3b4ca8f8509f7238aa7) Importer(815301076,1909f56bfc062723c751e8b465ee728b)
Start importing Assets/Warrior free set/Sprite Sheet/Fight.anim using Guid(5addf1af001dc3b4ca8f8509f7238aa7) Importer(815301076,1909f56bfc062723c751e8b465ee728b)  -> (artifact id: 'c92b3a75d44db1482e319d6798a410fe') in 0.005752 seconds 
  Import took 0.008089 seconds .

========================================================================
Received Import Request.
  Time since last request: 0.004254 seconds.
  path: Assets/Warrior free set/Sprite Sheet/Fight.anim
  artifactKey: Guid(5addf1af001dc3b4ca8f8509f7238aa7) Importer(815301076,1909f56bfc062723c751e8b465ee728b)
Start importing Assets/Warrior free set/Sprite Sheet/Fight.anim using Guid(5addf1af001dc3b4ca8f8509f7238aa7) Importer(815301076,1909f56bfc062723c751e8b465ee728b)  -> (artifact id: 'c92b3a75d44db1482e319d6798a410fe') in 0.003137 seconds 
  Import took 0.005688 seconds .

========================================================================
Received Prepare
Registering precompiled user dll's ...
Registered in 0.003747 seconds.
Begin MonoManager ReloadAssembly
Native extension for WindowsStandalone target not found
Native extension for WebGL target not found
Refreshing native plugins compatible for Editor in 0.44 ms, found 2 plugins.
Preloading 0 native plugins for Editor in 0.00 ms.
Mono: successfully reloaded assembly
- Completed reload, in  0.796 seconds
Platform modules already initialized, skipping
Refreshing native plugins compatible for Editor in 0.27 ms, found 2 plugins.
Preloading 0 native plugins for Editor in 0.00 ms.
Unloading 1385 Unused Serialized files (Serialized files now loaded: 0)
System memory in use before: 64.8 MB.
System memory in use after: 64.9 MB.

Unloading 14 unused Assets to reduce memory usage. Loaded Objects now: 1835.
Total: 1.552800 ms (FindLiveObjects: 0.129700 ms CreateObjectMapping: 0.040900 ms MarkObjects: 1.337000 ms  DeleteObjects: 0.044400 ms)

AssetImportParameters requested are different than current active one (requested -> active):
  custom:framework-win-MediaFoundation: 216162199b28c13a410421893ffa2e32 -> 
  custom:video-decoder-ogg-theora: a1e56fd34408186e4bbccfd4996cb3dc -> 
  custom:container-muxer-webm: aa71ff27fc2769a1b78a27578f13a17b -> 
  custom:container-demuxer-webm: 4f35f7cbe854078d1ac9338744f61a02 -> 
  custom:container-demuxer-ogg: 62fdf1f143b41e24485cea50d1cbac27 -> 
  custom:video-encoder-webm-vp8: eb34c28f22e8b96e1ab97ce403110664 -> 
  custom:video-decoder-webm-vp8: 9c59270c3fd7afecdb556c50c9e8de78 -> 
  custom:audio-decoder-ogg-vorbis: bf7c407c2cedff20999df2af8eb42d56 -> 
  custom:audio-encoder-webm-vorbis: bf7c407c2cedff20999df2af8eb42d56 -> 
AssetImportWorkerClient::OnTransportError - code=2 error=End of file
